2024-10-10 02:35:24,904 - DEBUG - Starting new HTTPS connection (1): api.github.com:443
2024-10-10 02:35:24,914 - DEBUG - Using proactor: IocpProactor
2024-10-10 02:35:24,928 - DEBUG - Проверка https://youtube.com
2024-10-10 02:35:24,930 - DEBUG - Проверка https://youtu.be
2024-10-10 02:35:24,931 - DEBUG - Проверка https://yt.be
2024-10-10 02:35:24,947 - DEBUG - Проверка https://googlevideo.com
2024-10-10 02:35:24,947 - DEBUG - Проверка https://ytimg.com
2024-10-10 02:35:24,954 - DEBUG - Проверка https://ggpht.com
2024-10-10 02:35:24,957 - DEBUG - Проверка https://gvt1.com
2024-10-10 02:35:24,959 - DEBUG - Проверка https://youtube-nocookie.com
2024-10-10 02:35:24,959 - DEBUG - Проверка https://youtube-ui.l.google.com
2024-10-10 02:35:24,960 - DEBUG - Проверка https://youtubeembeddedplayer.googleapis.com
2024-10-10 02:35:24,961 - DEBUG - Проверка https://youtube.googleapis.com
2024-10-10 02:35:24,961 - DEBUG - Проверка https://youtubei.googleapis.com
2024-10-10 02:35:24,962 - DEBUG - Проверка https://yt-video-upload.l.google.com
2024-10-10 02:35:24,962 - DEBUG - Проверка https://wide-youtube.l.google.com
2024-10-10 02:35:24,964 - ERROR - Ошибка при проверке https://ytimg.com: Cannot connect to host ytimg.com:443 ssl:default [getaddrinfo failed]
2024-10-10 02:35:24,965 - ERROR - Ошибка при проверке https://ggpht.com: Cannot connect to host ggpht.com:443 ssl:default [getaddrinfo failed]
2024-10-10 02:35:24,965 - ERROR - Ошибка при проверке https://gvt1.com: Cannot connect to host gvt1.com:443 ssl:default [getaddrinfo failed]
2024-10-10 02:35:24,969 - DEBUG - Сайт Изображения YouTube доступен: red
2024-10-10 02:35:24,969 - DEBUG - Сайт Изображения Google Photos доступен: red
2024-10-10 02:35:24,969 - DEBUG - Сайт Сервисы и обновления Google доступен: red
2024-10-10 02:35:25,013 - ERROR - Ошибка при проверке https://wide-youtube.l.google.com: Cannot connect to host wide-youtube.l.google.com:443 ssl:True [SSLCertVerificationError: (1, "[SSL: CERTIFICATE_VERIFY_FAILED] certificate verify failed: Hostname mismatch, certificate is not valid for 'wide-youtube.l.google.com'. (_ssl.c:1000)")]
2024-10-10 02:35:25,013 - DEBUG - Сайт Служебный домен YouTube доступен: red
2024-10-10 02:35:25,020 - ERROR - Ошибка при проверке https://youtube-ui.l.google.com: Cannot connect to host youtube-ui.l.google.com:443 ssl:True [SSLCertVerificationError: (1, "[SSL: CERTIFICATE_VERIFY_FAILED] certificate verify failed: Hostname mismatch, certificate is not valid for 'youtube-ui.l.google.com'. (_ssl.c:1000)")]
2024-10-10 02:35:25,020 - DEBUG - Сайт Интерфейс YouTube доступен: red
2024-10-10 02:35:25,020 - ERROR - Ошибка при проверке https://youtube-nocookie.com: Cannot connect to host youtube-nocookie.com:443 ssl:True [SSLCertVerificationError: (1, "[SSL: CERTIFICATE_VERIFY_FAILED] certificate verify failed: Hostname mismatch, certificate is not valid for 'youtube-nocookie.com'. (_ssl.c:1000)")]
2024-10-10 02:35:25,020 - DEBUG - Сайт YouTube без cookies доступен: red
2024-10-10 02:35:25,047 - DEBUG - Сайт YouTube API доступен: red
2024-10-10 02:35:25,060 - ERROR - Ошибка при проверке https://yt-video-upload.l.google.com: Cannot connect to host yt-video-upload.l.google.com:443 ssl:True [SSLCertVerificationError: (1, "[SSL: CERTIFICATE_VERIFY_FAILED] certificate verify failed: Hostname mismatch, certificate is not valid for 'yt-video-upload.l.google.com'. (_ssl.c:1000)")]
2024-10-10 02:35:25,060 - DEBUG - Сайт Загрузка видео на YouTube доступен: red
2024-10-10 02:35:25,060 - DEBUG - Сайт Встроенные видео YouTube доступен: red
2024-10-10 02:35:25,074 - ERROR - Ошибка при проверке https://googlevideo.com: Cannot connect to host googlevideo.com:443 ssl:True [SSLCertVerificationError: (1, "[SSL: CERTIFICATE_VERIFY_FAILED] certificate verify failed: Hostname mismatch, certificate is not valid for 'googlevideo.com'. (_ssl.c:1000)")]
2024-10-10 02:35:25,074 - DEBUG - Сайт Видеохостинг Google доступен: red
2024-10-10 02:35:25,127 - DEBUG - Сайт Внутренний API YouTube доступен: red
2024-10-10 02:35:25,199 - DEBUG - https://api.github.com:443 "GET /repos/zhivem/GoodByDPI-GUI-by-Zhivem/releases/latest HTTP/11" 200 999
2024-10-10 02:35:25,201 - INFO - Обновления не найдены.
2024-10-10 02:35:25,209 - DEBUG - Сайт Альтернатива коротких ссылок YouTube доступен: green
2024-10-10 02:35:25,274 - DEBUG - Сайт Короткие ссылки YouTube доступен: green
2024-10-10 02:35:25,607 - DEBUG - Сайт Основной сайт YouTube доступен: green
2024-10-10 02:35:27,411 - DEBUG - Команда для запуска: ['c:\\Users\\miste\\Desktop\\Мой проект\\Goodbye DPI Phyton by Zhivem\\GoodByDPI-GUI-by-Zhivem\\src\\bin\\x86_64\\goodbyedpi.exe', '-9', '--blacklist', 'c:\\Users\\miste\\Desktop\\Мой проект\\Goodbye DPI Phyton by Zhivem\\GoodByDPI-GUI-by-Zhivem\\src\\black\\russia-youtube.txt']
2024-10-10 02:35:27,412 - DEBUG - Запуск команды: ['c:\\Users\\miste\\Desktop\\Мой проект\\Goodbye DPI Phyton by Zhivem\\GoodByDPI-GUI-by-Zhivem\\src\\bin\\x86_64\\goodbyedpi.exe', '-9', '--blacklist', 'c:\\Users\\miste\\Desktop\\Мой проект\\Goodbye DPI Phyton by Zhivem\\GoodByDPI-GUI-by-Zhivem\\src\\black\\russia-youtube.txt']
2024-10-10 02:35:30,859 - DEBUG - Запуск команды: ['net', 'stop', 'WinDivert']
2024-10-10 02:35:30,874 - DEBUG - Процесс GoodbyeDPI (PID: 11076) завершён.
2024-10-10 02:35:30,874 - DEBUG - Процесс Обход блокировок YouTube (Актуальный метод) завершён.
2024-10-10 02:35:34,249 - DEBUG - Команда для запуска: ['c:\\Users\\miste\\Desktop\\Мой проект\\Goodbye DPI Phyton by Zhivem\\GoodByDPI-GUI-by-Zhivem\\src\\zapret\\winws.exe', '--wf-tcp=80,443,50000-65535', '--wf-udp=443,50000-65535', '--filter-udp=443', '--hostlist=c:\\Users\\miste\\Desktop\\Мой проект\\Goodbye DPI Phyton by Zhivem\\GoodByDPI-GUI-by-Zhivem\\src\\black\\discord-blacklist.txt', '--dpi-desync=fake', '--dpi-desync-udplen-increment=10', '--dpi-desync-repeats=6', '--dpi-desync-udplen-pattern=0xDEADBEEF', '--dpi-desync-fake-quic=c:\\Users\\miste\\Desktop\\Мой проект\\Goodbye DPI Phyton by Zhivem\\GoodByDPI-GUI-by-Zhivem\\src\\zapret\\quic_initial_www_google_com.bin', '--new', '--filter-udp=50000-65535', '--dpi-desync=fake,tamper', '--dpi-desync-any-protocol', '--dpi-desync-fake-quic=c:\\Users\\miste\\Desktop\\Мой проект\\Goodbye DPI Phyton by Zhivem\\GoodByDPI-GUI-by-Zhivem\\src\\zapret\\quic_initial_www_google_com.bin', '--new', '--filter-tcp=80', '--dpi-desync=fake,split2', '--dpi-desync-autottl=2', '--dpi-desync-fooling=md5sig', '--dpi-desync-fake-tls=c:\\Users\\miste\\Desktop\\Мой проект\\Goodbye DPI Phyton by Zhivem\\GoodByDPI-GUI-by-Zhivem\\src\\zapret\\tls_clienthello_www_google_com.bin', '--new', '--dpi-desync=fake,disorder2', '--dpi-desync-autottl=2', '--dpi-desync-fooling=md5sig']
2024-10-10 02:35:34,249 - DEBUG - Запуск команды: ['c:\\Users\\miste\\Desktop\\Мой проект\\Goodbye DPI Phyton by Zhivem\\GoodByDPI-GUI-by-Zhivem\\src\\zapret\\winws.exe', '--wf-tcp=80,443,50000-65535', '--wf-udp=443,50000-65535', '--filter-udp=443', '--hostlist=c:\\Users\\miste\\Desktop\\Мой проект\\Goodbye DPI Phyton by Zhivem\\GoodByDPI-GUI-by-Zhivem\\src\\black\\discord-blacklist.txt', '--dpi-desync=fake', '--dpi-desync-udplen-increment=10', '--dpi-desync-repeats=6', '--dpi-desync-udplen-pattern=0xDEADBEEF', '--dpi-desync-fake-quic=c:\\Users\\miste\\Desktop\\Мой проект\\Goodbye DPI Phyton by Zhivem\\GoodByDPI-GUI-by-Zhivem\\src\\zapret\\quic_initial_www_google_com.bin', '--new', '--filter-udp=50000-65535', '--dpi-desync=fake,tamper', '--dpi-desync-any-protocol', '--dpi-desync-fake-quic=c:\\Users\\miste\\Desktop\\Мой проект\\Goodbye DPI Phyton by Zhivem\\GoodByDPI-GUI-by-Zhivem\\src\\zapret\\quic_initial_www_google_com.bin', '--new', '--filter-tcp=80', '--dpi-desync=fake,split2', '--dpi-desync-autottl=2', '--dpi-desync-fooling=md5sig', '--dpi-desync-fake-tls=c:\\Users\\miste\\Desktop\\Мой проект\\Goodbye DPI Phyton by Zhivem\\GoodByDPI-GUI-by-Zhivem\\src\\zapret\\tls_clienthello_www_google_com.bin', '--new', '--dpi-desync=fake,disorder2', '--dpi-desync-autottl=2', '--dpi-desync-fooling=md5sig']
2024-10-10 02:35:35,139 - DEBUG - Процесс winws.exe (PID: 19120) завершён.
2024-10-10 02:35:35,139 - DEBUG - Запуск команды: ['net', 'stop', 'WinDivert']
2024-10-10 02:35:35,139 - DEBUG - Процесс Обход Discord + YouTube завершён.
2024-10-10 02:35:57,861 - DEBUG - Starting new HTTPS connection (1): api.github.com:443
2024-10-10 02:35:57,893 - DEBUG - Using proactor: IocpProactor
2024-10-10 02:35:57,894 - DEBUG - Проверка https://youtube.com
2024-10-10 02:35:57,896 - DEBUG - Проверка https://youtu.be
2024-10-10 02:35:57,919 - DEBUG - Проверка https://yt.be
2024-10-10 02:35:57,921 - DEBUG - Проверка https://googlevideo.com
2024-10-10 02:35:57,921 - DEBUG - Проверка https://ytimg.com
2024-10-10 02:35:57,923 - DEBUG - Проверка https://ggpht.com
2024-10-10 02:35:57,924 - DEBUG - Проверка https://gvt1.com
2024-10-10 02:35:57,925 - DEBUG - Проверка https://youtube-nocookie.com
2024-10-10 02:35:57,926 - DEBUG - Проверка https://youtube-ui.l.google.com
2024-10-10 02:35:57,926 - DEBUG - Проверка https://youtubeembeddedplayer.googleapis.com
2024-10-10 02:35:57,927 - DEBUG - Проверка https://youtube.googleapis.com
2024-10-10 02:35:57,927 - DEBUG - Проверка https://youtubei.googleapis.com
2024-10-10 02:35:57,927 - DEBUG - Проверка https://yt-video-upload.l.google.com
2024-10-10 02:35:57,928 - DEBUG - Проверка https://wide-youtube.l.google.com
2024-10-10 02:35:57,930 - ERROR - Ошибка при проверке https://ytimg.com: Cannot connect to host ytimg.com:443 ssl:default [getaddrinfo failed]
2024-10-10 02:35:57,933 - ERROR - Ошибка при проверке https://ggpht.com: Cannot connect to host ggpht.com:443 ssl:default [getaddrinfo failed]
2024-10-10 02:35:57,934 - ERROR - Ошибка при проверке https://gvt1.com: Cannot connect to host gvt1.com:443 ssl:default [getaddrinfo failed]
2024-10-10 02:35:57,934 - DEBUG - Сайт Изображения YouTube доступен: red
2024-10-10 02:35:57,934 - DEBUG - Сайт Изображения Google Photos доступен: red
2024-10-10 02:35:57,934 - DEBUG - Сайт Сервисы и обновления Google доступен: red
2024-10-10 02:35:57,968 - ERROR - Ошибка при проверке https://youtube-ui.l.google.com: Cannot connect to host youtube-ui.l.google.com:443 ssl:True [SSLCertVerificationError: (1, "[SSL: CERTIFICATE_VERIFY_FAILED] certificate verify failed: Hostname mismatch, certificate is not valid for 'youtube-ui.l.google.com'. (_ssl.c:1000)")]
2024-10-10 02:35:57,968 - DEBUG - Сайт Интерфейс YouTube доступен: red
2024-10-10 02:35:57,968 - ERROR - Ошибка при проверке https://wide-youtube.l.google.com: Cannot connect to host wide-youtube.l.google.com:443 ssl:True [SSLCertVerificationError: (1, "[SSL: CERTIFICATE_VERIFY_FAILED] certificate verify failed: Hostname mismatch, certificate is not valid for 'wide-youtube.l.google.com'. (_ssl.c:1000)")]
2024-10-10 02:35:57,984 - DEBUG - Сайт Служебный домен YouTube доступен: red
2024-10-10 02:35:57,984 - ERROR - Ошибка при проверке https://youtube-nocookie.com: Cannot connect to host youtube-nocookie.com:443 ssl:True [SSLCertVerificationError: (1, "[SSL: CERTIFICATE_VERIFY_FAILED] certificate verify failed: Hostname mismatch, certificate is not valid for 'youtube-nocookie.com'. (_ssl.c:1000)")]
2024-10-10 02:35:57,984 - DEBUG - Сайт YouTube без cookies доступен: red
2024-10-10 02:35:57,984 - DEBUG - Сайт Встроенные видео YouTube доступен: red
2024-10-10 02:35:58,015 - ERROR - Ошибка при проверке https://yt-video-upload.l.google.com: Cannot connect to host yt-video-upload.l.google.com:443 ssl:True [SSLCertVerificationError: (1, "[SSL: CERTIFICATE_VERIFY_FAILED] certificate verify failed: Hostname mismatch, certificate is not valid for 'yt-video-upload.l.google.com'. (_ssl.c:1000)")]
2024-10-10 02:35:58,015 - DEBUG - Сайт Загрузка видео на YouTube доступен: red
2024-10-10 02:35:58,015 - DEBUG - Сайт YouTube API доступен: red
2024-10-10 02:35:58,046 - ERROR - Ошибка при проверке https://googlevideo.com: Cannot connect to host googlevideo.com:443 ssl:True [SSLCertVerificationError: (1, "[SSL: CERTIFICATE_VERIFY_FAILED] certificate verify failed: Hostname mismatch, certificate is not valid for 'googlevideo.com'. (_ssl.c:1000)")]
2024-10-10 02:35:58,046 - DEBUG - Сайт Видеохостинг Google доступен: red
2024-10-10 02:35:58,161 - DEBUG - Сайт Короткие ссылки YouTube доступен: green
2024-10-10 02:35:58,169 - DEBUG - https://api.github.com:443 "GET /repos/zhivem/GoodByDPI-GUI-by-Zhivem/releases/latest HTTP/11" 200 999
2024-10-10 02:35:58,170 - INFO - Обновления не найдены.
2024-10-10 02:35:58,445 - DEBUG - Сайт Внутренний API YouTube доступен: red
2024-10-10 02:35:58,953 - DEBUG - Команда для запуска: ['c:\\Users\\miste\\Desktop\\Мой проект\\Goodbye DPI Phyton by Zhivem\\GoodByDPI-GUI-by-Zhivem\\src\\bin\\x86_64\\goodbyedpi.exe', '-9', '--blacklist', 'c:\\Users\\miste\\Desktop\\Мой проект\\Goodbye DPI Phyton by Zhivem\\GoodByDPI-GUI-by-Zhivem\\src\\black\\russia-youtube.txt']
2024-10-10 02:35:58,953 - DEBUG - Запуск команды: ['c:\\Users\\miste\\Desktop\\Мой проект\\Goodbye DPI Phyton by Zhivem\\GoodByDPI-GUI-by-Zhivem\\src\\bin\\x86_64\\goodbyedpi.exe', '-9', '--blacklist', 'c:\\Users\\miste\\Desktop\\Мой проект\\Goodbye DPI Phyton by Zhivem\\GoodByDPI-GUI-by-Zhivem\\src\\black\\russia-youtube.txt']
2024-10-10 02:35:59,140 - DEBUG - Сайт Основной сайт YouTube доступен: green
2024-10-10 02:35:59,613 - DEBUG - Запуск команды: ['net', 'stop', 'WinDivert']
2024-10-10 02:35:59,644 - DEBUG - Процесс GoodbyeDPI (PID: 20420) завершён.
2024-10-10 02:35:59,644 - DEBUG - Процесс Обход блокировок YouTube (Актуальный метод) завершён.
2024-10-10 02:35:59,832 - DEBUG - Сайт Альтернатива коротких ссылок YouTube доступен: green
2024-10-10 02:36:02,609 - DEBUG - Starting new HTTPS connection (1): api.github.com:443
2024-10-10 02:36:02,781 - DEBUG - https://api.github.com:443 "GET /repos/zhivem/GoodByDPI-GUI-by-Zhivem/releases/latest HTTP/11" 200 999
2024-10-10 02:36:04,106 - DEBUG - Using proactor: IocpProactor
2024-10-10 02:36:04,106 - DEBUG - Проверка https://youtube.com
2024-10-10 02:36:04,106 - DEBUG - Проверка https://youtu.be
2024-10-10 02:36:04,106 - DEBUG - Проверка https://yt.be
2024-10-10 02:36:04,106 - DEBUG - Проверка https://googlevideo.com
2024-10-10 02:36:04,106 - DEBUG - Проверка https://ytimg.com
2024-10-10 02:36:04,106 - DEBUG - Проверка https://ggpht.com
2024-10-10 02:36:04,106 - DEBUG - Проверка https://gvt1.com
2024-10-10 02:36:04,106 - DEBUG - Проверка https://youtube-nocookie.com
2024-10-10 02:36:04,106 - DEBUG - Проверка https://youtube-ui.l.google.com
2024-10-10 02:36:04,106 - DEBUG - Проверка https://youtubeembeddedplayer.googleapis.com
2024-10-10 02:36:04,106 - DEBUG - Проверка https://youtube.googleapis.com
2024-10-10 02:36:04,106 - DEBUG - Проверка https://youtubei.googleapis.com
2024-10-10 02:36:04,116 - DEBUG - Проверка https://yt-video-upload.l.google.com
2024-10-10 02:36:04,116 - DEBUG - Проверка https://wide-youtube.l.google.com
2024-10-10 02:36:04,118 - ERROR - Ошибка при проверке https://ytimg.com: Cannot connect to host ytimg.com:443 ssl:default [getaddrinfo failed]
2024-10-10 02:36:04,118 - ERROR - Ошибка при проверке https://ggpht.com: Cannot connect to host ggpht.com:443 ssl:default [getaddrinfo failed]
2024-10-10 02:36:04,118 - DEBUG - Сайт Изображения YouTube доступен: red
2024-10-10 02:36:04,118 - DEBUG - Сайт Изображения Google Photos доступен: red
2024-10-10 02:36:04,118 - ERROR - Ошибка при проверке https://gvt1.com: Cannot connect to host gvt1.com:443 ssl:default [getaddrinfo failed]
2024-10-10 02:36:04,118 - DEBUG - Сайт Сервисы и обновления Google доступен: red
2024-10-10 02:36:04,156 - ERROR - Ошибка при проверке https://youtube-ui.l.google.com: Cannot connect to host youtube-ui.l.google.com:443 ssl:True [SSLCertVerificationError: (1, "[SSL: CERTIFICATE_VERIFY_FAILED] certificate verify failed: Hostname mismatch, certificate is not valid for 'youtube-ui.l.google.com'. (_ssl.c:1000)")]
2024-10-10 02:36:04,156 - DEBUG - Сайт Интерфейс YouTube доступен: red
2024-10-10 02:36:04,166 - ERROR - Ошибка при проверке https://wide-youtube.l.google.com: Cannot connect to host wide-youtube.l.google.com:443 ssl:True [SSLCertVerificationError: (1, "[SSL: CERTIFICATE_VERIFY_FAILED] certificate verify failed: Hostname mismatch, certificate is not valid for 'wide-youtube.l.google.com'. (_ssl.c:1000)")]
2024-10-10 02:36:04,166 - DEBUG - Сайт Служебный домен YouTube доступен: red
2024-10-10 02:36:04,176 - ERROR - Ошибка при проверке https://youtube-nocookie.com: Cannot connect to host youtube-nocookie.com:443 ssl:True [SSLCertVerificationError: (1, "[SSL: CERTIFICATE_VERIFY_FAILED] certificate verify failed: Hostname mismatch, certificate is not valid for 'youtube-nocookie.com'. (_ssl.c:1000)")]
2024-10-10 02:36:04,176 - DEBUG - Сайт YouTube без cookies доступен: red
2024-10-10 02:36:04,186 - DEBUG - Сайт Встроенные видео YouTube доступен: red
2024-10-10 02:36:04,197 - DEBUG - Сайт YouTube API доступен: red
2024-10-10 02:36:04,213 - ERROR - Ошибка при проверке https://yt-video-upload.l.google.com: Cannot connect to host yt-video-upload.l.google.com:443 ssl:True [SSLCertVerificationError: (1, "[SSL: CERTIFICATE_VERIFY_FAILED] certificate verify failed: Hostname mismatch, certificate is not valid for 'yt-video-upload.l.google.com'. (_ssl.c:1000)")]
2024-10-10 02:36:04,213 - DEBUG - Сайт Загрузка видео на YouTube доступен: red
2024-10-10 02:36:04,229 - ERROR - Ошибка при проверке https://googlevideo.com: Cannot connect to host googlevideo.com:443 ssl:True [SSLCertVerificationError: (1, "[SSL: CERTIFICATE_VERIFY_FAILED] certificate verify failed: Hostname mismatch, certificate is not valid for 'googlevideo.com'. (_ssl.c:1000)")]
2024-10-10 02:36:04,229 - DEBUG - Сайт Видеохостинг Google доступен: red
2024-10-10 02:36:04,354 - DEBUG - Сайт Альтернатива коротких ссылок YouTube доступен: green
2024-10-10 02:36:04,900 - DEBUG - Сайт Внутренний API YouTube доступен: red
2024-10-10 02:36:05,463 - DEBUG - Сайт Короткие ссылки YouTube доступен: green
2024-10-10 02:36:09,290 - ERROR - Тайм-аут при проверке https://youtube.com
2024-10-10 02:36:09,290 - DEBUG - Сайт Основной сайт YouTube доступен: red
